<?xml version="1.0" encoding="UTF-8"?>
<testng-results skipped="0" failed="0" ignored="0" total="5" passed="5">
  <reporter-output>
    <line>
      <![CDATA[[INFO ] [2021-04-16 01:56:24,983] Pre-condition - Step 01: Click on Account menu
<br>]]>
    </line>
    <line>
      <![CDATA[[INFO ] [2021-04-16 01:56:25,175] Pre-condition - Step 02: Open Log In Page from Account menu
<br>]]>
    </line>
    <line>
      <![CDATA[[INFO ] [2021-04-16 01:56:26,155] Login 1 - Step 01: Click on Login button
<br>]]>
    </line>
    <line>
      <![CDATA[[INFO ] [2021-04-16 01:56:26,361] Login 1 - Step 02: Verify required error message displays at Email Address field
<br>]]>
    </line>
    <line>
      <![CDATA[[INFO ] [2021-04-16 01:56:26,435]  -------------------------- PASSED -------------------------- 
<br>]]>
    </line>
    <line>
      <![CDATA[[INFO ] [2021-04-16 01:56:26,435] Login 1 - Step 03: Verify required error message displays at Password field
<br>]]>
    </line>
    <line>
      <![CDATA[[INFO ] [2021-04-16 01:56:26,472]  -------------------------- PASSED -------------------------- 
<br>]]>
    </line>
    <line>
      <![CDATA[[INFO ] [2021-04-16 01:56:26,478] Login 2 - Step 01: Input Email Address textbox with value gmlogin123@gmail.com
<br>]]>
    </line>
    <line>
      <![CDATA[[INFO ] [2021-04-16 01:56:26,737] Login 2 - Step 02: Input Password textbox with value '123'
<br>]]>
    </line>
    <line>
      <![CDATA[[INFO ] [2021-04-16 01:56:26,876] Login 3 - Step 03: Click on Login button
<br>]]>
    </line>
    <line>
      <![CDATA[[INFO ] [2021-04-16 01:56:26,975] Login 2 - Step 04: Verify validation error message displayes at Password field
<br>]]>
    </line>
    <line>
      <![CDATA[[INFO ] [2021-04-16 01:56:27,027]  -------------------------- PASSED -------------------------- 
<br>]]>
    </line>
    <line>
      <![CDATA[[INFO ] [2021-04-16 01:56:27,031] Login 3 - Step 01: Input Email Address Textbox with value 'gmlogin123@gmail'
<br>]]>
    </line>
    <line>
      <![CDATA[[INFO ] [2021-04-16 01:56:27,189] Login 3 - Step 02: Input Password Textbox with value 123123
<br>]]>
    </line>
    <line>
      <![CDATA[[INFO ] [2021-04-16 01:56:27,331] Login 3 - Step 03: Click on Login button
<br>]]>
    </line>
    <line>
      <![CDATA[[INFO ] [2021-04-16 01:56:27,443] Login 3 - Step 04: Verify validation error message displays at Email Adress field
<br>]]>
    </line>
    <line>
      <![CDATA[[INFO ] [2021-04-16 01:56:27,493]  -------------------------- PASSED -------------------------- 
<br>]]>
    </line>
    <line>
      <![CDATA[[INFO ] [2021-04-16 01:56:27,496] Login 4 - Step 01: Input Email Address Textbox with value gmlogin123@gmail.com411254
<br>]]>
    </line>
    <line>
      <![CDATA[[INFO ] [2021-04-16 01:56:27,642] Login 4 - Step 02: Input Password Textbox with value 123123933398
<br>]]>
    </line>
    <line>
      <![CDATA[[INFO ] [2021-04-16 01:56:27,777] Login 4 - Step 03: Click on Login button
<br>]]>
    </line>
    <line>
      <![CDATA[[INFO ] [2021-04-16 01:56:29,173] Login 4 - Step 04: Verify error message displays under page title
<br>]]>
    </line>
    <line>
      <![CDATA[[INFO ] [2021-04-16 01:56:29,205]  -------------------------- PASSED -------------------------- 
<br>]]>
    </line>
    <line>
      <![CDATA[[INFO ] [2021-04-16 01:56:29,209] Login 5 - Step 01: Input Email Address Textbox with value gmlogin123@gmail.com
<br>]]>
    </line>
    <line>
      <![CDATA[[INFO ] [2021-04-16 01:56:29,459] Login 5 - Step 02: Input Password Textbox with value 123123
<br>]]>
    </line>
    <line>
      <![CDATA[[INFO ] [2021-04-16 01:56:29,607] Login 5 - Step 03: Click on Login button
<br>]]>
    </line>
    <line>
      <![CDATA[[INFO ] [2021-04-16 01:56:31,104] Login 5 - Step 04: Verify My Dashboard page title displays
<br>]]>
    </line>
    <line>
      <![CDATA[[INFO ] [2021-04-16 01:56:31,311]  -------------------------- PASSED -------------------------- 
<br>]]>
    </line>
    <line>
      <![CDATA[[INFO ] [2021-04-16 01:56:31,311] Login 5 - Step 05: Verify Welcome Message displays
<br>]]>
    </line>
    <line>
      <![CDATA[[INFO ] [2021-04-16 01:56:31,371]  -------------------------- PASSED -------------------------- 
<br>]]>
    </line>
    <line>
      <![CDATA[[INFO ] [2021-04-16 01:56:31,373] OS name = mac os x
<br>]]>
    </line>
    <line>
      <![CDATA[[INFO ] [2021-04-16 01:56:31,549] ---------- QUIT BROWSER SUCCESS ----------
<br>]]>
    </line>
  </reporter-output>
  <suite name="LiveGuru" duration-ms="12444" started-at="2021-04-15T18:56:19Z" finished-at="2021-04-15T18:56:31Z">
    <groups>
    </groups>
    <test name="Run on CHROME UI" duration-ms="12444" started-at="2021-04-15T18:56:19Z" finished-at="2021-04-15T18:56:31Z">
      <class name="com.liveguru.users.User_02_Login">
        <test-method status="PASS" signature="beforeClass(java.lang.String, java.lang.String)[pri:0, instance:com.liveguru.users.User_02_Login@3b0143d3]" name="beforeClass" is-config="true" duration-ms="7028" started-at="2021-04-15T18:56:19Z" finished-at="2021-04-15T18:56:26Z">
          <params>
            <param index="0">
              <value>
                <![CDATA[chrome_ui]]>
              </value>
            </param>
            <param index="1">
              <value>
                <![CDATA[http://live.demoguru99.com/]]>
              </value>
            </param>
          </params>
          <reporter-output>
            <line>
              <![CDATA[[INFO ] [2021-04-16 01:56:24,983] Pre-condition - Step 01: Click on Account menu
<br>]]>
            </line>
            <line>
              <![CDATA[[INFO ] [2021-04-16 01:56:25,175] Pre-condition - Step 02: Open Log In Page from Account menu
<br>]]>
            </line>
          </reporter-output>
        </test-method> <!-- beforeClass -->
        <test-method status="PASS" signature="TC_01_Empty_Fields()[pri:0, instance:com.liveguru.users.User_02_Login@3b0143d3]" name="TC_01_Empty_Fields" duration-ms="322" started-at="2021-04-15T18:56:26Z" finished-at="2021-04-15T18:56:26Z">
          <reporter-output>
            <line>
              <![CDATA[[INFO ] [2021-04-16 01:56:26,155] Login 1 - Step 01: Click on Login button
<br>]]>
            </line>
            <line>
              <![CDATA[[INFO ] [2021-04-16 01:56:26,361] Login 1 - Step 02: Verify required error message displays at Email Address field
<br>]]>
            </line>
            <line>
              <![CDATA[[INFO ] [2021-04-16 01:56:26,435]  -------------------------- PASSED -------------------------- 
<br>]]>
            </line>
            <line>
              <![CDATA[[INFO ] [2021-04-16 01:56:26,435] Login 1 - Step 03: Verify required error message displays at Password field
<br>]]>
            </line>
            <line>
              <![CDATA[[INFO ] [2021-04-16 01:56:26,472]  -------------------------- PASSED -------------------------- 
<br>]]>
            </line>
          </reporter-output>
        </test-method> <!-- TC_01_Empty_Fields -->
        <test-method status="PASS" signature="TC_02_Correct_Email_Invalid_Password()[pri:0, instance:com.liveguru.users.User_02_Login@3b0143d3]" name="TC_02_Correct_Email_Invalid_Password" duration-ms="551" started-at="2021-04-15T18:56:26Z" finished-at="2021-04-15T18:56:27Z">
          <reporter-output>
            <line>
              <![CDATA[[INFO ] [2021-04-16 01:56:26,478] Login 2 - Step 01: Input Email Address textbox with value gmlogin123@gmail.com
<br>]]>
            </line>
            <line>
              <![CDATA[[INFO ] [2021-04-16 01:56:26,737] Login 2 - Step 02: Input Password textbox with value '123'
<br>]]>
            </line>
            <line>
              <![CDATA[[INFO ] [2021-04-16 01:56:26,876] Login 3 - Step 03: Click on Login button
<br>]]>
            </line>
            <line>
              <![CDATA[[INFO ] [2021-04-16 01:56:26,975] Login 2 - Step 04: Verify validation error message displayes at Password field
<br>]]>
            </line>
            <line>
              <![CDATA[[INFO ] [2021-04-16 01:56:27,027]  -------------------------- PASSED -------------------------- 
<br>]]>
            </line>
          </reporter-output>
        </test-method> <!-- TC_02_Correct_Email_Invalid_Password -->
        <test-method status="PASS" signature="TC_03_Invalid_Email_Correct_Password()[pri:0, instance:com.liveguru.users.User_02_Login@3b0143d3]" name="TC_03_Invalid_Email_Correct_Password" duration-ms="464" started-at="2021-04-15T18:56:27Z" finished-at="2021-04-15T18:56:27Z">
          <reporter-output>
            <line>
              <![CDATA[[INFO ] [2021-04-16 01:56:27,031] Login 3 - Step 01: Input Email Address Textbox with value 'gmlogin123@gmail'
<br>]]>
            </line>
            <line>
              <![CDATA[[INFO ] [2021-04-16 01:56:27,189] Login 3 - Step 02: Input Password Textbox with value 123123
<br>]]>
            </line>
            <line>
              <![CDATA[[INFO ] [2021-04-16 01:56:27,331] Login 3 - Step 03: Click on Login button
<br>]]>
            </line>
            <line>
              <![CDATA[[INFO ] [2021-04-16 01:56:27,443] Login 3 - Step 04: Verify validation error message displays at Email Adress field
<br>]]>
            </line>
            <line>
              <![CDATA[[INFO ] [2021-04-16 01:56:27,493]  -------------------------- PASSED -------------------------- 
<br>]]>
            </line>
          </reporter-output>
        </test-method> <!-- TC_03_Invalid_Email_Correct_Password -->
        <test-method status="PASS" signature="TC_04_Incorrect_Password()[pri:0, instance:com.liveguru.users.User_02_Login@3b0143d3]" name="TC_04_Incorrect_Password" duration-ms="1711" started-at="2021-04-15T18:56:27Z" finished-at="2021-04-15T18:56:29Z">
          <reporter-output>
            <line>
              <![CDATA[[INFO ] [2021-04-16 01:56:27,496] Login 4 - Step 01: Input Email Address Textbox with value gmlogin123@gmail.com411254
<br>]]>
            </line>
            <line>
              <![CDATA[[INFO ] [2021-04-16 01:56:27,642] Login 4 - Step 02: Input Password Textbox with value 123123933398
<br>]]>
            </line>
            <line>
              <![CDATA[[INFO ] [2021-04-16 01:56:27,777] Login 4 - Step 03: Click on Login button
<br>]]>
            </line>
            <line>
              <![CDATA[[INFO ] [2021-04-16 01:56:29,173] Login 4 - Step 04: Verify error message displays under page title
<br>]]>
            </line>
            <line>
              <![CDATA[[INFO ] [2021-04-16 01:56:29,205]  -------------------------- PASSED -------------------------- 
<br>]]>
            </line>
          </reporter-output>
        </test-method> <!-- TC_04_Incorrect_Password -->
        <test-method status="PASS" signature="TC_05_Correct_Email_And_Password()[pri:0, instance:com.liveguru.users.User_02_Login@3b0143d3]" name="TC_05_Correct_Email_And_Password" duration-ms="2164" started-at="2021-04-15T18:56:29Z" finished-at="2021-04-15T18:56:31Z">
          <reporter-output>
            <line>
              <![CDATA[[INFO ] [2021-04-16 01:56:29,209] Login 5 - Step 01: Input Email Address Textbox with value gmlogin123@gmail.com
<br>]]>
            </line>
            <line>
              <![CDATA[[INFO ] [2021-04-16 01:56:29,459] Login 5 - Step 02: Input Password Textbox with value 123123
<br>]]>
            </line>
            <line>
              <![CDATA[[INFO ] [2021-04-16 01:56:29,607] Login 5 - Step 03: Click on Login button
<br>]]>
            </line>
            <line>
              <![CDATA[[INFO ] [2021-04-16 01:56:31,104] Login 5 - Step 04: Verify My Dashboard page title displays
<br>]]>
            </line>
            <line>
              <![CDATA[[INFO ] [2021-04-16 01:56:31,311]  -------------------------- PASSED -------------------------- 
<br>]]>
            </line>
            <line>
              <![CDATA[[INFO ] [2021-04-16 01:56:31,311] Login 5 - Step 05: Verify Welcome Message displays
<br>]]>
            </line>
            <line>
              <![CDATA[[INFO ] [2021-04-16 01:56:31,371]  -------------------------- PASSED -------------------------- 
<br>]]>
            </line>
          </reporter-output>
        </test-method> <!-- TC_05_Correct_Email_And_Password -->
        <test-method status="PASS" signature="afterClass()[pri:0, instance:com.liveguru.users.User_02_Login@3b0143d3]" name="afterClass" is-config="true" duration-ms="177" started-at="2021-04-15T18:56:31Z" finished-at="2021-04-15T18:56:31Z">
          <reporter-output>
            <line>
              <![CDATA[[INFO ] [2021-04-16 01:56:31,373] OS name = mac os x
<br>]]>
            </line>
            <line>
              <![CDATA[[INFO ] [2021-04-16 01:56:31,549] ---------- QUIT BROWSER SUCCESS ----------
<br>]]>
            </line>
          </reporter-output>
        </test-method> <!-- afterClass -->
      </class> <!-- com.liveguru.users.User_02_Login -->
    </test> <!-- Run on CHROME UI -->
  </suite> <!-- LiveGuru -->
</testng-results>
